commit 34ff88b7ce79f6d50b1b955ffcd410b0c336be10
Author: ZonePG <zonepg666@gmail.com>
Date:   Sun Apr 24 23:59:26 2022 +0800

    Answered second set

commit fa344bf2530ffdad386896f16fbbcb39c89ebf7e
Author: ZonePG <zonepg666@gmail.com>
Date:   Sun Apr 24 23:45:31 2022 +0800

    Answered first set

commit ca58bed2c5ad434f684e08c78f83ba1facd4c90c
Author: ZonePG <zonepg666@gmail.com>
Date:   Sun Apr 24 23:15:55 2022 +0800

    add week1 Materials

commit f4e25ee874a932fdd83b3fba8a72895be57ea7cc
Author: ZonePG <zonepg666@gmail.com>
Date:   Sun Apr 24 23:13:59 2022 +0800

    add su20-proj-starter

commit 37d73e8afb62127f34893535cf1c04a17ce2ea17
Author: ZonePG <zonepg666@gmail.com>
Date:   Sun Apr 24 23:07:06 2022 +0800

    add su20-lab-starter

commit 1dc466daa085c5e1b96593b5b71ec4e31c345ac9
Author: ZONEPG <zonepg666@gmail.com>
Date:   Sun Apr 24 00:21:11 2022 +0800

    Initial commit
